2023-12-01 21:37:06,704 INFO __main__ ~~~~~~~Program started~~~~~~~
2023-12-01 21:37:06,704 INFO __main__ 取得的執行年月為:2023,10
2023-12-01 21:37:06,716 DEBUG urllib3.connectionpool Starting new HTTPS connection (1): api.einvoice.nat.gov.tw:443
2023-12-01 21:37:08,371 DEBUG urllib3.connectionpool https://api.einvoice.nat.gov.tw:443 "POST /PB2CAPIVAN/invapp/InvApp HTTP/1.1" 503 2
2023-12-01 21:37:08,375 ERROR __main__ Expecting value: line 2 column 1 (char 2)
2023-12-01 21:37:08,375 INFO __main__ 下次執行時間為10秒後~~~
2023-12-01 21:37:18,379 DEBUG urllib3.connectionpool Starting new HTTPS connection (1): api.einvoice.nat.gov.tw:443
2023-12-01 21:37:20,222 DEBUG urllib3.connectionpool https://api.einvoice.nat.gov.tw:443 "POST /PB2CAPIVAN/invapp/InvApp HTTP/1.1" 503 2
2023-12-01 21:37:20,232 ERROR __main__ Expecting value: line 2 column 1 (char 2)
2023-12-01 21:37:20,232 INFO __main__ 下次執行時間為20秒後~~~
2023-12-01 21:37:40,237 DEBUG urllib3.connectionpool Starting new HTTPS connection (1): api.einvoice.nat.gov.tw:443
2023-12-01 21:37:43,052 DEBUG urllib3.connectionpool https://api.einvoice.nat.gov.tw:443 "POST /PB2CAPIVAN/invapp/InvApp HTTP/1.1" 200 None
2023-12-01 21:37:43,124 INFO __main__        PIZNO PRTYP ADDON     PZAMT
0   74926745     1          200000
1   57355279     1          200000
2   98111935     1          200000
3    8111935     2           40000
4    7355279     2           40000
5    4926745     2           40000
6     111935     3           10000
7     355279     3           10000
8     926745     3           10000
9      11935     4            4000
10     55279     4            4000
11     26745     4            4000
12      1935     5            1000
13      6745     5            1000
14      5279     5            1000
15       279     6             200
16       745     6             200
17       935     6             200
18  92488868     S         2000000
19  72054514     T        10000000
2023-12-01 21:37:43,132 INFO __main__ ~~~~~~~Program End~~~~~~~
